Using pre-set license
Built from '2021.3/release' branch; Version is '2021.3.17f1 (3e8111cac19d) revision 4096273'; Using compiler version '192829333'; Build Type 'Release'
OS: 'Windows 10  (10.0.19044) 64bit Core' Language: 'fr' Physical Memory: 8070 MB
BatchMode: 1, IsHumanControllingUs: 0, StartBugReporterOnCrash: 0, Is64bit: 1, IsPro: 1

COMMAND LINE ARGUMENTS:
C:\Program Files\Unity\Hub\Editor\2021.3.17f1\Editor\Unity.exe
-adb2
-batchMode
-noUpm
-name
AssetImportWorker0
-projectPath
D:/PROJETS2/unity-RacismoNo/B/RacismoNoS2/RacismoNo
-logFile
Logs/AssetImportWorker0.log
-srvPort
58964
Successfully changed project path to: D:/PROJETS2/unity-RacismoNo/B/RacismoNoS2/RacismoNo
D:/PROJETS2/unity-RacismoNo/B/RacismoNoS2/RacismoNo
[UnityMemory] Configuration Parameters - Can be set up in boot.config
    "memorysetup-bucket-allocator-granularity=16"
    "memorysetup-bucket-allocator-bucket-count=8"
    "memorysetup-bucket-allocator-block-size=33554432"
    "memorysetup-bucket-allocator-block-count=8"
    "memorysetup-main-allocator-block-size=16777216"
    "memorysetup-thread-allocator-block-size=16777216"
    "memorysetup-gfx-main-allocator-block-size=16777216"
    "memorysetup-gfx-thread-allocator-block-size=16777216"
    "memorysetup-cache-allocator-block-size=4194304"
    "memorysetup-typetree-allocator-block-size=2097152"
    "memorysetup-profiler-bucket-allocator-granularity=16"
    "memorysetup-profiler-bucket-allocator-bucket-count=8"
    "memorysetup-profiler-bucket-allocator-block-size=33554432"
    "memorysetup-profiler-bucket-allocator-block-count=8"
    "memorysetup-profiler-allocator-block-size=16777216"
    "memorysetup-profiler-editor-allocator-block-size=1048576"
    "memorysetup-temp-allocator-size-main=16777216"
    "memorysetup-job-temp-allocator-block-size=2097152"
    "memorysetup-job-temp-allocator-block-size-background=1048576"
    "memorysetup-job-temp-allocator-reduction-small-platforms=262144"
    "memorysetup-temp-allocator-size-background-worker=32768"
    "memorysetup-temp-allocator-size-job-worker=262144"
    "memorysetup-temp-allocator-size-preload-manager=33554432"
    "memorysetup-temp-allocator-size-nav-mesh-worker=65536"
    "memorysetup-temp-allocator-size-audio-worker=65536"
    "memorysetup-temp-allocator-size-cloud-worker=32768"
    "memorysetup-temp-allocator-size-gi-baking-worker=262144"
    "memorysetup-temp-allocator-size-gfx=262144"
Player connection [20428] Host "[IP] 192.168.1.15 [Port] 0 [Flags] 2 [Guid] 3460929780 [EditorId] 3460929780 [Version] 1048832 [Id] WindowsEditor(7,DESKTOP-BKMAQJ1) [Debug] 1 [PackageName] WindowsEditor [ProjectName] Editor" joined multi-casting on [225.0.0.222:54997]...

Player connection [20428] Host "[IP] 192.168.1.15 [Port] 0 [Flags] 2 [Guid] 3460929780 [EditorId] 3460929780 [Version] 1048832 [Id] WindowsEditor(7,DESKTOP-BKMAQJ1) [Debug] 1 [PackageName] WindowsEditor [ProjectName] Editor" joined alternative multi-casting on [225.0.0.222:34997]...

Refreshing native plugins compatible for Editor in 145.57 ms, found 3 plugins.
Preloading 0 native plugins for Editor in 0.00 ms.
Initialize engine version: 2021.3.17f1 (3e8111cac19d)
[Subsystems] Discovering subsystems at path C:/Program Files/Unity/Hub/Editor/2021.3.17f1/Editor/Data/Resources/UnitySubsystems
[Subsystems] Discovering subsystems at path D:/PROJETS2/unity-RacismoNo/B/RacismoNoS2/RacismoNo/Assets
GfxDevice: creating device client; threaded=0; jobified=0
Direct3D:
    Version:  Direct3D 11.0 [level 11.1]
    Renderer: NVIDIA GeForce GTX 1050 (ID=0x1c8d)
    Vendor:   NVIDIA
    VRAM:     4018 MB
    Driver:   31.0.15.3118
Initialize mono
Mono path[0] = 'C:/Program Files/Unity/Hub/Editor/2021.3.17f1/Editor/Data/Managed'
Mono path[1] = 'C:/Program Files/Unity/Hub/Editor/2021.3.17f1/Editor/Data/MonoBleedingEdge/lib/mono/unityjit-win32'
Mono config path = 'C:/Program Files/Unity/Hub/Editor/2021.3.17f1/Editor/Data/MonoBleedingEdge/etc'
Using monoOptions --debugger-agent=transport=dt_socket,embedding=1,server=y,suspend=n,address=127.0.0.1:56728
Begin MonoManager ReloadAssembly
Registering precompiled unity dll's ...
Register platform support module: C:/Program Files/Unity/Hub/Editor/2021.3.17f1/Editor/Data/PlaybackEngines/WebGLSupport/UnityEditor.WebGL.Extensions.dll
Register platform support module: C:/Program Files/Unity/Hub/Editor/2021.3.17f1/Editor/Data/PlaybackEngines/WindowsStandaloneSupport/UnityEditor.WindowsStandalone.Extensions.dll
Registered in 0.020625 seconds.
Native extension for WindowsStandalone target not found
Native extension for WebGL target not found
Refreshing native plugins compatible for Editor in 145.90 ms, found 3 plugins.
Preloading 0 native plugins for Editor in 0.00 ms.
Mono: successfully reloaded assembly
- Completed reload, in  1.075 seconds
Domain Reload Profiling:
	ReloadAssembly (1076ms)
		BeginReloadAssembly (181ms)
			ExecutionOrderSort (0ms)
			DisableScriptedObjects (0ms)
			BackupInstance (0ms)
			ReleaseScriptingObjects (0ms)
			CreateAndSetChildDomain (1ms)
		EndReloadAssembly (715ms)
			LoadAssemblies (174ms)
			RebuildTransferFunctionScriptingTraits (0ms)
			SetupTypeCache (146ms)
			ReleaseScriptCaches (0ms)
			RebuildScriptCaches (42ms)
			SetupLoadedEditorAssemblies (451ms)
				LogAssemblyErrors (0ms)
				InitializePlatformSupportModulesInManaged (16ms)
				SetLoadedEditorAssemblies (0ms)
				RefreshPlugins (146ms)
				BeforeProcessingInitializeOnLoad (1ms)
				ProcessInitializeOnLoadAttributes (214ms)
				ProcessInitializeOnLoadMethodAttributes (74ms)
				AfterProcessingInitializeOnLoad (0ms)
				EditorAssembliesLoaded (0ms)
			ExecutionOrderSort2 (0ms)
			AwakeInstancesAfterBackupRestoration (0ms)
Platform modules already initialized, skipping
Registering precompiled user dll's ...
Registered in 0.019035 seconds.
Begin MonoManager ReloadAssembly
Symbol file LoadedFromMemory doesn't match image D:\PROJETS2\unity-RacismoNo\B\RacismoNoS2\RacismoNo\Library\PackageCache\com.unity.visualscripting@1.8.0\Editor\VisualScripting.Core\Dependencies\YamlDotNet\Unity.VisualScripting.YamlDotNet.dll
Symbol file LoadedFromMemory doesn't match image D:\PROJETS2\unity-RacismoNo\B\RacismoNoS2\RacismoNo\Library\PackageCache\com.unity.visualscripting@1.8.0\Editor\VisualScripting.Core\Dependencies\DotNetZip\Unity.VisualScripting.IonicZip.dll
Native extension for WindowsStandalone target not found
Native extension for WebGL target not found
Refreshing native plugins compatible for Editor in 0.81 ms, found 3 plugins.
Preloading 0 native plugins for Editor in 0.00 ms.
Mono: successfully reloaded assembly
- Completed reload, in  2.110 seconds
Domain Reload Profiling:
	ReloadAssembly (2112ms)
		BeginReloadAssembly (170ms)
			ExecutionOrderSort (0ms)
			DisableScriptedObjects (8ms)
			BackupInstance (0ms)
			ReleaseScriptingObjects (0ms)
			CreateAndSetChildDomain (30ms)
		EndReloadAssembly (1767ms)
			LoadAssemblies (535ms)
			RebuildTransferFunctionScriptingTraits (0ms)
			SetupTypeCache (435ms)
			ReleaseScriptCaches (1ms)
			RebuildScriptCaches (75ms)
			SetupLoadedEditorAssemblies (623ms)
				LogAssemblyErrors (0ms)
				InitializePlatformSupportModulesInManaged (11ms)
				SetLoadedEditorAssemblies (1ms)
				RefreshPlugins (1ms)
				BeforeProcessingInitializeOnLoad (149ms)
				ProcessInitializeOnLoadAttributes (408ms)
				ProcessInitializeOnLoadMethodAttributes (37ms)
				AfterProcessingInitializeOnLoad (16ms)
				EditorAssembliesLoaded (0ms)
			ExecutionOrderSort2 (0ms)
			AwakeInstancesAfterBackupRestoration (11ms)
Platform modules already initialized, skipping
========================================================================
Worker process is ready to serve import requests
Launched and connected shader compiler UnityShaderCompiler.exe after 0.12 seconds
Refreshing native plugins compatible for Editor in 0.89 ms, found 3 plugins.
Preloading 0 native plugins for Editor in 0.00 ms.
Unloading 3999 Unused Serialized files (Serialized files now loaded: 0)
Unloading 34 unused Assets / (159.2 KB). Loaded Objects now: 4463.
Memory consumption went from 218.3 MB to 218.1 MB.
Total: 4.575800 ms (FindLiveObjects: 0.424400 ms CreateObjectMapping: 0.372200 ms MarkObjects: 3.595800 ms  DeleteObjects: 0.182400 ms)

AssetImportParameters requested are different than current active one (requested -> active):
  custom:video-decoder-ogg-theora: a1e56fd34408186e4bbccfd4996cb3dc -> 
  custom:container-muxer-webm: aa71ff27fc2769a1b78a27578f13a17b -> 
  custom:container-demuxer-webm: 4f35f7cbe854078d1ac9338744f61a02 -> 
  custom:video-encoder-webm-vp8: eb34c28f22e8b96e1ab97ce403110664 -> 
  custom:video-codec-MediaFoundation-h265: 746d11721c4dcdbdad8f713fa42b33f4 -> 
  custom:audio-encoder-webm-vorbis: bf7c407c2cedff20999df2af8eb42d56 -> 
  custom:framework-win-MediaFoundation: 216162199b28c13a410421893ffa2e32 -> 
  custom:container-demuxer-ogg: 62fdf1f143b41e24485cea50d1cbac27 -> 
  custom:video-decoder-webm-vp8: 9c59270c3fd7afecdb556c50c9e8de78 -> 
  custom:audio-decoder-ogg-vorbis: bf7c407c2cedff20999df2af8eb42d56 -> 
========================================================================
Received Import Request.
  Time since last request: 35741.506524 seconds.
  path: Assets/Resources/animation/Remy@Crouched Walking.fbx.opdownload
  artifactKey: Guid(6e22dad6ca2edf5448cb3051eb51223f) Importer(815301076,1909f56bfc062723c751e8b465ee728b)
Start importing Assets/Resources/animation/Remy@Crouched Walking.fbx.opdownload using Guid(6e22dad6ca2edf5448cb3051eb51223f) Importer(815301076,1909f56bfc062723c751e8b465ee728b)  -> (artifact id: '00000000000000000000000000000000') in 0.020692 seconds  code(4) message(Build asset version error: assets/resources/animation/remy@crouched walking.fbx.opdownload in SourceAssetDB has modification time of '2023-03-08T21:47:32.652257Z' while content on disk has modification time of '2023-03-08T21:47:44.6450477Z')
  ERROR: Build asset version error: assets/resources/animation/remy@crouched walking.fbx.opdownload in SourceAssetDB has modification time of '2023-03-08T21:47:32.652257Z' while content on disk has modification time of '2023-03-08T21:47:44.6450477Z'
========================================================================
Received Import Request.
  Time since last request: 0.000044 seconds.
  path: Assets/Resources/animation/Remy@Walking.fbx.opdownload
  artifactKey: Guid(855f6b1248c0e114290933e037ba372f) Importer(815301076,1909f56bfc062723c751e8b465ee728b)
Start importing Assets/Resources/animation/Remy@Walking.fbx.opdownload using Guid(855f6b1248c0e114290933e037ba372f) Importer(815301076,1909f56bfc062723c751e8b465ee728b)  -> (artifact id: '00000000000000000000000000000000') in 0.636412 seconds  code(4) message(Build asset version error: assets/resources/animation/remy@walking.fbx.opdownload in SourceAssetDB has modification time of '2023-03-08T21:47:32.7788586Z' while content on disk has modification time of '0001-01-01T00:00:00Z' with error code 2
Stacktrace:
0x00007ff67682826d (Unity) StackWalker::GetCurrentCallstack
0x00007ff67682ee29 (Unity) StackWalker::ShowCallstack
0x00007ff6777b2cc3 (Unity) GetStacktrace
0x00007ff677b519b4 (Unity) GetAssetHashAndValidate
0x00007ff677b4cf18 (Unity) AssetVersionBuilder::BuildHashOfSourceAssetArray
0x00007ff677b4aeed (Unity) AssetVersionBuilder::BuildAssetVersion
0x00007ff677ad1fb4 (Unity) CreateAssetVersionBuilder
0x00007ff677ad8ab6 (Unity) ImportToObjects
0x00007ff677ad77e3 (Unity) ImportAsset
0x00007ff677afa181 (Unity) AssetImportWorker::Import
0x00007ff677b60a78 (Unity) <lambda_4280b031ebcc7d1adb8e337ef41df5eb>::operator()
0x00007ff677ba28e2 (Unity) asio::detail::completion_handler<core::mutable_function<void __cdecl(void)>,asio::io_context::basic_executor_type<std::allocator<void>,0> >::do_complete
0x00007ff677b8e7ce (Unity) asio::detail::win_iocp_io_context::do_one
0x00007ff677b90434 (Unity) asio::detail::win_iocp_io_context::run
0x00007ff677ba0cce (Unity) IOService::Run
0x00007ff677b738df (Unity) AssetImportWorkerClient::Run
0x00007ff677b3d1b3 (Unity) RunAssetImportWorkerClientV2
0x00007ff677b3d23b (Unity) RunAssetImporterV2
0x00007ff677358218 (Unity) Application::InitializeProject
0x00007ff6777bd428 (Unity) WinMain
0x00007ff678b7224e (Unity) __scrt_common_main_seh
0x00007ff82fc67614 (KERNEL32) BaseThreadInitThunk
0x00007ff830ce26a1 (ntdll) RtlUserThreadStart
)
  ERROR: Build asset version error: assets/resources/animation/remy@walking.fbx.opdownload in SourceAssetDB has modification time of '2023-03-08T21:47:32.7788586Z' while content on disk has modification time of '0001-01-01T00:00:00Z' with error code 2
Stacktrace:
0x00007ff67682826d (Unity) StackWalker::GetCurrentCallstack
0x00007ff67682ee29 (Unity) StackWalker::ShowCallstack
0x00007ff6777b2cc3 (Unity) GetStacktrace
0x00007ff677b519b4 (Unity) GetAssetHashAndValidate
0x00007ff677b4cf18 (Unity) AssetVersionBuilder::BuildHashOfSourceAssetArray
0x00007ff677b4aeed (Unity) AssetVersionBuilder::BuildAssetVersion
0x00007ff677ad1fb4 (Unity) CreateAssetVersionBuilder
0x00007ff677ad8ab6 (Unity) ImportToObjects
0x00007ff677ad77e3 (Unity) ImportAsset
0x00007ff677afa181 (Unity) AssetImportWorker::Import
0x00007ff677b60a78 (Unity) <lambda_4280b031ebcc7d1adb8e337ef41df5eb>::operator()
0x00007ff677ba28e2 (Unity) asio::detail::completion_handler<core::mutable_function<void __cdecl(void)>,asio::io_context::basic_executor_type<std::allocator<void>,0> >::do_complete
0x00007ff677b8e7ce (Unity) asio::detail::win_iocp_io_context::do_one
0x00007ff677b90434 (Unity) asio::detail::win_iocp_io_context::run
0x00007ff677ba0cce (Unity) IOService::Run
0x00007ff677b738df (Unity) AssetImportWorkerClient::Run
0x00007ff677b3d1b3 (Unity) RunAssetImportWorkerClientV2
0x00007ff677b3d23b (Unity) RunAssetImporterV2
0x00007ff677358218 (Unity) Application::InitializeProject
0x00007ff6777bd428 (Unity) WinMain
0x00007ff678b7224e (Unity) __scrt_common_main_seh
0x00007ff82fc67614 (KERNEL32) BaseThreadInitThunk
0x00007ff830ce26a1 (ntdll) RtlUserThreadStart

========================================================================
Received Import Request.
  Time since last request: 13.103917 seconds.
  path: Assets/Resources/Remy.fbx
  artifactKey: Guid(1669af08ae7bfb94799cea77394dee89) Importer(815301076,1909f56bfc062723c751e8b465ee728b)
Start importing Assets/Resources/Remy.fbx using Guid(1669af08ae7bfb94799cea77394dee89) Importer(815301076,1909f56bfc062723c751e8b465ee728b)  -> (artifact id: '6de9fb5b9e817b54f2d694c72b091103') in 0.019506 seconds 
========================================================================
Received Import Request.
  Time since last request: 0.913550 seconds.
  path: Assets/Resources/animation/Remy@Crouched Walking.fbx.opdownload
  artifactKey: Guid(6e22dad6ca2edf5448cb3051eb51223f) Importer(815301076,1909f56bfc062723c751e8b465ee728b)
Start importing Assets/Resources/animation/Remy@Crouched Walking.fbx.opdownload using Guid(6e22dad6ca2edf5448cb3051eb51223f) Importer(815301076,1909f56bfc062723c751e8b465ee728b)  -> (artifact id: '00000000000000000000000000000000') in 0.000483 seconds  code(4) message(Build asset version error: assets/resources/animation/remy@crouched walking.fbx.opdownload in SourceAssetDB has modification time of '2023-03-08T21:47:32.652257Z' while content on disk has modification time of '2023-03-08T21:47:59.3084685Z')
  ERROR: Build asset version error: assets/resources/animation/remy@crouched walking.fbx.opdownload in SourceAssetDB has modification time of '2023-03-08T21:47:32.652257Z' while content on disk has modification time of '2023-03-08T21:47:59.3084685Z'
========================================================================
Received Import Request.
  Time since last request: 0.004892 seconds.
  path: Assets/Resources/animation/Remy@Walking.fbx
  artifactKey: Guid(9658a0a3f7501c14f92cd19db74d2b54) Importer(815301076,1909f56bfc062723c751e8b465ee728b)
Start importing Assets/Resources/animation/Remy@Walking.fbx using Guid(9658a0a3f7501c14f92cd19db74d2b54) Importer(815301076,1909f56bfc062723c751e8b465ee728b)  -> (artifact id: '94d8099475ce25f7babb753a7bfc1a9b') in 0.004843 seconds 
========================================================================
Received Import Request.
  Time since last request: 18.042015 seconds.
  path: Assets/Resources/animation/Remy@Crouched Walking.fbx
  artifactKey: Guid(8e36681f995ebe845873f59260aed5c4) Importer(815301076,1909f56bfc062723c751e8b465ee728b)
Start importing Assets/Resources/animation/Remy@Crouched Walking.fbx using Guid(8e36681f995ebe845873f59260aed5c4) Importer(815301076,1909f56bfc062723c751e8b465ee728b)  -> (artifact id: '6c9a8e49e1059dc5ca661cbb1e778a17') in 0.547715 seconds 
========================================================================
Received Import Request.
  Time since last request: 0.000025 seconds.
  path: Assets/Resources/animation/Remy@Walking.fbx
  artifactKey: Guid(9658a0a3f7501c14f92cd19db74d2b54) Importer(815301076,1909f56bfc062723c751e8b465ee728b)
Start importing Assets/Resources/animation/Remy@Walking.fbx using Guid(9658a0a3f7501c14f92cd19db74d2b54) Importer(815301076,1909f56bfc062723c751e8b465ee728b)  -> (artifact id: 'e17f66274ff1e6f6edb6410507f367af') in 0.119731 seconds 
========================================================================
Received Import Request.
  Time since last request: 1.348511 seconds.
  path: Assets/Resources/Remy.fbx
  artifactKey: Guid(1669af08ae7bfb94799cea77394dee89) Importer(815301076,1909f56bfc062723c751e8b465ee728b)
Start importing Assets/Resources/Remy.fbx using Guid(1669af08ae7bfb94799cea77394dee89) Importer(815301076,1909f56bfc062723c751e8b465ee728b)  -> (artifact id: 'cb6b3b38198f1a72874366bd461cee34') in 0.120315 seconds 
========================================================================
Received Import Request.
  Time since last request: 36.597959 seconds.
  path: Assets/Resources/Remy.fbx
  artifactKey: Guid(1669af08ae7bfb94799cea77394dee89) Importer(815301076,1909f56bfc062723c751e8b465ee728b)
Start importing Assets/Resources/Remy.fbx using Guid(1669af08ae7bfb94799cea77394dee89) Importer(815301076,1909f56bfc062723c751e8b465ee728b)  -> (artifact id: '846da6d00f61e1feed196f8cbe969d75') in 0.246476 seconds 
========================================================================
Received Import Request.
  Time since last request: 0.000027 seconds.
  path: Assets/Resources/Remy_Top_Diffuse.png
  artifactKey: Guid(ffc29fe7baba82c4e8e64a06a63c1e0a) Importer(815301076,1909f56bfc062723c751e8b465ee728b)
Start importing Assets/Resources/Remy_Top_Diffuse.png using Guid(ffc29fe7baba82c4e8e64a06a63c1e0a) Importer(815301076,1909f56bfc062723c751e8b465ee728b)  -> (artifact id: 'f96cd753d48d35380b4b43dd4c4837e5') in 0.058579 seconds 
========================================================================
Received Import Request.
  Time since last request: 0.000234 seconds.
  path: Assets/Resources/Remy_Shoes_Gloss.png
  artifactKey: Guid(c0fcb627b2dba3743b2a284e8952fe5c) Importer(815301076,1909f56bfc062723c751e8b465ee728b)
Start importing Assets/Resources/Remy_Shoes_Gloss.png using Guid(c0fcb627b2dba3743b2a284e8952fe5c) Importer(815301076,1909f56bfc062723c751e8b465ee728b)  -> (artifact id: '9a5fa3e160e20b82c47c9e6e08b5f18c') in 0.023314 seconds 
========================================================================
Received Import Request.
  Time since last request: 0.000142 seconds.
  path: Assets/Resources/Remy_Hair_Normal.png
  artifactKey: Guid(08048abfa443c934fb8a720c13da71ad) Importer(815301076,1909f56bfc062723c751e8b465ee728b)
Start importing Assets/Resources/Remy_Hair_Normal.png using Guid(08048abfa443c934fb8a720c13da71ad) Importer(815301076,1909f56bfc062723c751e8b465ee728b)  -> (artifact id: '1511bca407ebf86824f78fe580d053f2') in 0.027652 seconds 
========================================================================
Received Import Request.
  Time since last request: 0.000035 seconds.
  path: Assets/Resources/Remy_Top_Normal.png
  artifactKey: Guid(ac65ea4fe1474994c849316d5ff58871) Importer(815301076,1909f56bfc062723c751e8b465ee728b)
Start importing Assets/Resources/Remy_Top_Normal.png using Guid(ac65ea4fe1474994c849316d5ff58871) Importer(815301076,1909f56bfc062723c751e8b465ee728b)  -> (artifact id: '7327347e8952626082c12de50c47c444') in 0.020718 seconds 
========================================================================
Received Import Request.
  Time since last request: 0.000041 seconds.
  path: Assets/Resources/Remy_Bottom_Normal.png
  artifactKey: Guid(68ef846fc9d67054787a80b2f1ceabb5) Importer(815301076,1909f56bfc062723c751e8b465ee728b)
Start importing Assets/Resources/Remy_Bottom_Normal.png using Guid(68ef846fc9d67054787a80b2f1ceabb5) Importer(815301076,1909f56bfc062723c751e8b465ee728b)  -> (artifact id: '52ec3a5c8b495145866ab589fe595c30') in 0.018522 seconds 
========================================================================
Received Import Request.
  Time since last request: 0.000034 seconds.
  path: Assets/Resources/Remy_Shoes_Normal.png
  artifactKey: Guid(8bbdd15292ea8c442861d1800309d173) Importer(815301076,1909f56bfc062723c751e8b465ee728b)
Start importing Assets/Resources/Remy_Shoes_Normal.png using Guid(8bbdd15292ea8c442861d1800309d173) Importer(815301076,1909f56bfc062723c751e8b465ee728b)  -> (artifact id: '0daec5f774cd44d69c8e50fd1f28e4c0') in 0.024707 seconds 
========================================================================
Received Import Request.
  Time since last request: 0.000035 seconds.
  path: Assets/Resources/Remy_Body_Gloss.png
  artifactKey: Guid(f3c796555f572194d82fffd41a05589c) Importer(815301076,1909f56bfc062723c751e8b465ee728b)
Start importing Assets/Resources/Remy_Body_Gloss.png using Guid(f3c796555f572194d82fffd41a05589c) Importer(815301076,1909f56bfc062723c751e8b465ee728b)  -> (artifact id: '5829116c7e9331d9501ca40d788f7ed1') in 0.025217 seconds 
========================================================================
Received Import Request.
  Time since last request: 0.000030 seconds.
  path: Assets/Resources/Remy_Shoes_Specular.png
  artifactKey: Guid(ea83c18c682fac641935b6a363f14d20) Importer(815301076,1909f56bfc062723c751e8b465ee728b)
Start importing Assets/Resources/Remy_Shoes_Specular.png using Guid(ea83c18c682fac641935b6a363f14d20) Importer(815301076,1909f56bfc062723c751e8b465ee728b)  -> (artifact id: 'a0e079f1246d3fbfa8ad006634dbf330') in 0.017052 seconds 
========================================================================
Received Import Request.
  Time since last request: 7.443906 seconds.
  path: Assets/Resources/Remy.fbx
  artifactKey: Guid(1669af08ae7bfb94799cea77394dee89) Importer(815301076,1909f56bfc062723c751e8b465ee728b)
Start importing Assets/Resources/Remy.fbx using Guid(1669af08ae7bfb94799cea77394dee89) Importer(815301076,1909f56bfc062723c751e8b465ee728b)  -> (artifact id: '7a73aeac68680a703e136f01c0c4b0de') in 0.188378 seconds 
========================================================================
Received Import Request.
  Time since last request: 5.609066 seconds.
  path: Assets/Resources/texture
  artifactKey: Guid(2bc065b3939ebb74e87a38c462df18e6) Importer(815301076,1909f56bfc062723c751e8b465ee728b)
Start importing Assets/Resources/texture using Guid(2bc065b3939ebb74e87a38c462df18e6) Importer(815301076,1909f56bfc062723c751e8b465ee728b)  -> (artifact id: '79a8dbcd2f57462a98ce5e04d1d2be3c') in 0.005230 seconds 
========================================================================
Received Import Request.
  Time since last request: 4.778694 seconds.
  path: Assets/Resources/Controller.controller
  artifactKey: Guid(9a920ffa3c07f4b4e8e33e1cda4a431c) Importer(815301076,1909f56bfc062723c751e8b465ee728b)
Start importing Assets/Resources/Controller.controller using Guid(9a920ffa3c07f4b4e8e33e1cda4a431c) Importer(815301076,1909f56bfc062723c751e8b465ee728b)  -> (artifact id: '158310eeaecc75685a6c653a871a4b03') in 0.015394 seconds 
========================================================================
Received Prepare
Registering precompiled user dll's ...
Registered in 0.015605 seconds.
Begin MonoManager ReloadAssembly
Symbol file LoadedFromMemory doesn't match image D:\PROJETS2\unity-RacismoNo\B\RacismoNoS2\RacismoNo\Library\PackageCache\com.unity.visualscripting@1.8.0\Editor\VisualScripting.Core\Dependencies\YamlDotNet\Unity.VisualScripting.YamlDotNet.dll
Symbol file LoadedFromMemory doesn't match image D:\PROJETS2\unity-RacismoNo\B\RacismoNoS2\RacismoNo\Library\PackageCache\com.unity.visualscripting@1.8.0\Editor\VisualScripting.Core\Dependencies\DotNetZip\Unity.VisualScripting.IonicZip.dll
Native extension for WindowsStandalone target not found
Native extension for WebGL target not found
Refreshing native plugins compatible for Editor in 1.23 ms, found 3 plugins.
Preloading 0 native plugins for Editor in 0.00 ms.
Mono: successfully reloaded assembly
- Completed reload, in  2.515 seconds
Domain Reload Profiling:
	ReloadAssembly (2516ms)
		BeginReloadAssembly (597ms)
			ExecutionOrderSort (0ms)
			DisableScriptedObjects (13ms)
			BackupInstance (0ms)
			ReleaseScriptingObjects (0ms)
			CreateAndSetChildDomain (235ms)
		EndReloadAssembly (1658ms)
			LoadAssemblies (286ms)
			RebuildTransferFunctionScriptingTraits (0ms)
			SetupTypeCache (721ms)
			ReleaseScriptCaches (5ms)
			RebuildScriptCaches (171ms)
			SetupLoadedEditorAssemblies (509ms)
				LogAssemblyErrors (0ms)
				InitializePlatformSupportModulesInManaged (28ms)
				SetLoadedEditorAssemblies (1ms)
				RefreshPlugins (1ms)
				BeforeProcessingInitializeOnLoad (120ms)
				ProcessInitializeOnLoadAttributes (314ms)
				ProcessInitializeOnLoadMethodAttributes (29ms)
				AfterProcessingInitializeOnLoad (16ms)
				EditorAssembliesLoaded (0ms)
			ExecutionOrderSort2 (0ms)
			AwakeInstancesAfterBackupRestoration (11ms)
Platform modules already initialized, skipping
Refreshing native plugins compatible for Editor in 4.07 ms, found 3 plugins.
Preloading 0 native plugins for Editor in 0.00 ms.
Unloading 3961 Unused Serialized files (Serialized files now loaded: 0)
Unloading 26 unused Assets / (142.0 KB). Loaded Objects now: 4514.
Memory consumption went from 231.9 MB to 231.7 MB.
Total: 7.518800 ms (FindLiveObjects: 0.510300 ms CreateObjectMapping: 0.802700 ms MarkObjects: 5.989400 ms  DeleteObjects: 0.214900 ms)

AssetImportParameters requested are different than current active one (requested -> active):
  custom:video-decoder-ogg-theora: a1e56fd34408186e4bbccfd4996cb3dc -> 
  custom:container-muxer-webm: aa71ff27fc2769a1b78a27578f13a17b -> 
  custom:container-demuxer-webm: 4f35f7cbe854078d1ac9338744f61a02 -> 
  custom:video-encoder-webm-vp8: eb34c28f22e8b96e1ab97ce403110664 -> 
  custom:video-codec-MediaFoundation-h265: 746d11721c4dcdbdad8f713fa42b33f4 -> 
  custom:audio-encoder-webm-vorbis: bf7c407c2cedff20999df2af8eb42d56 -> 
  custom:framework-win-MediaFoundation: 216162199b28c13a410421893ffa2e32 -> 
  custom:container-demuxer-ogg: 62fdf1f143b41e24485cea50d1cbac27 -> 
  custom:video-decoder-webm-vp8: 9c59270c3fd7afecdb556c50c9e8de78 -> 
  custom:audio-decoder-ogg-vorbis: bf7c407c2cedff20999df2af8eb42d56 -> 
========================================================================
Received Prepare
Registering precompiled user dll's ...
Registered in 0.020160 seconds.
Begin MonoManager ReloadAssembly
Symbol file LoadedFromMemory doesn't match image D:\PROJETS2\unity-RacismoNo\B\RacismoNoS2\RacismoNo\Library\PackageCache\com.unity.visualscripting@1.8.0\Editor\VisualScripting.Core\Dependencies\YamlDotNet\Unity.VisualScripting.YamlDotNet.dll
Symbol file LoadedFromMemory doesn't match image D:\PROJETS2\unity-RacismoNo\B\RacismoNoS2\RacismoNo\Library\PackageCache\com.unity.visualscripting@1.8.0\Editor\VisualScripting.Core\Dependencies\DotNetZip\Unity.VisualScripting.IonicZip.dll
Native extension for WindowsStandalone target not found
Native extension for WebGL target not found
Refreshing native plugins compatible for Editor in 0.96 ms, found 3 plugins.
Preloading 0 native plugins for Editor in 0.00 ms.
Mono: successfully reloaded assembly
- Completed reload, in  1.782 seconds
Domain Reload Profiling:
	ReloadAssembly (1783ms)
		BeginReloadAssembly (263ms)
			ExecutionOrderSort (0ms)
			DisableScriptedObjects (10ms)
			BackupInstance (0ms)
			ReleaseScriptingObjects (0ms)
			CreateAndSetChildDomain (51ms)
		EndReloadAssembly (1285ms)
			LoadAssemblies (320ms)
			RebuildTransferFunctionScriptingTraits (0ms)
			SetupTypeCache (450ms)
			ReleaseScriptCaches (2ms)
			RebuildScriptCaches (50ms)
			SetupLoadedEditorAssemblies (483ms)
				LogAssemblyErrors (0ms)
				InitializePlatformSupportModulesInManaged (21ms)
				SetLoadedEditorAssemblies (1ms)
				RefreshPlugins (1ms)
				BeforeProcessingInitializeOnLoad (105ms)
				ProcessInitializeOnLoadAttributes (307ms)
				ProcessInitializeOnLoadMethodAttributes (33ms)
				AfterProcessingInitializeOnLoad (16ms)
				EditorAssembliesLoaded (0ms)
			ExecutionOrderSort2 (0ms)
			AwakeInstancesAfterBackupRestoration (11ms)
Platform modules already initialized, skipping
Refreshing native plugins compatible for Editor in 4.57 ms, found 3 plugins.
Preloading 0 native plugins for Editor in 0.00 ms.
Unloading 3961 Unused Serialized files (Serialized files now loaded: 0)
Unloading 26 unused Assets / (142.1 KB). Loaded Objects now: 4518.
Memory consumption went from 231.9 MB to 231.7 MB.
Total: 4.528700 ms (FindLiveObjects: 0.404900 ms CreateObjectMapping: 0.258300 ms MarkObjects: 3.719700 ms  DeleteObjects: 0.144500 ms)

AssetImportParameters requested are different than current active one (requested -> active):
  custom:video-decoder-ogg-theora: a1e56fd34408186e4bbccfd4996cb3dc -> 
  custom:container-muxer-webm: aa71ff27fc2769a1b78a27578f13a17b -> 
  custom:container-demuxer-webm: 4f35f7cbe854078d1ac9338744f61a02 -> 
  custom:video-encoder-webm-vp8: eb34c28f22e8b96e1ab97ce403110664 -> 
  custom:video-codec-MediaFoundation-h265: 746d11721c4dcdbdad8f713fa42b33f4 -> 
  custom:audio-encoder-webm-vorbis: bf7c407c2cedff20999df2af8eb42d56 -> 
  custom:framework-win-MediaFoundation: 216162199b28c13a410421893ffa2e32 -> 
  custom:container-demuxer-ogg: 62fdf1f143b41e24485cea50d1cbac27 -> 
  custom:video-decoder-webm-vp8: 9c59270c3fd7afecdb556c50c9e8de78 -> 
  custom:audio-decoder-ogg-vorbis: bf7c407c2cedff20999df2af8eb42d56 -> 
========================================================================
Received Prepare
Registering precompiled user dll's ...
Registered in 0.013807 seconds.
Begin MonoManager ReloadAssembly
Symbol file LoadedFromMemory doesn't match image D:\PROJETS2\unity-RacismoNo\B\RacismoNoS2\RacismoNo\Library\PackageCache\com.unity.visualscripting@1.8.0\Editor\VisualScripting.Core\Dependencies\YamlDotNet\Unity.VisualScripting.YamlDotNet.dll
Symbol file LoadedFromMemory doesn't match image D:\PROJETS2\unity-RacismoNo\B\RacismoNoS2\RacismoNo\Library\PackageCache\com.unity.visualscripting@1.8.0\Editor\VisualScripting.Core\Dependencies\DotNetZip\Unity.VisualScripting.IonicZip.dll
Native extension for WindowsStandalone target not found
Native extension for WebGL target not found
Refreshing native plugins compatible for Editor in 1.43 ms, found 3 plugins.
Preloading 0 native plugins for Editor in 0.00 ms.
Mono: successfully reloaded assembly
- Completed reload, in  2.172 seconds
Domain Reload Profiling:
	ReloadAssembly (2174ms)
		BeginReloadAssembly (211ms)
			ExecutionOrderSort (0ms)
			DisableScriptedObjects (8ms)
			BackupInstance (0ms)
			ReleaseScriptingObjects (0ms)
			CreateAndSetChildDomain (47ms)
		EndReloadAssembly (1814ms)
			LoadAssemblies (167ms)
			RebuildTransferFunctionScriptingTraits (0ms)
			SetupTypeCache (579ms)
			ReleaseScriptCaches (5ms)
			RebuildScriptCaches (121ms)
			SetupLoadedEditorAssemblies (827ms)
				LogAssemblyErrors (0ms)
				InitializePlatformSupportModulesInManaged (33ms)
				SetLoadedEditorAssemblies (2ms)
				RefreshPlugins (2ms)
				BeforeProcessingInitializeOnLoad (153ms)
				ProcessInitializeOnLoadAttributes (550ms)
				ProcessInitializeOnLoadMethodAttributes (61ms)
				AfterProcessingInitializeOnLoad (27ms)
				EditorAssembliesLoaded (0ms)
			ExecutionOrderSort2 (0ms)
			AwakeInstancesAfterBackupRestoration (21ms)
Platform modules already initialized, skipping
Refreshing native plugins compatible for Editor in 5.92 ms, found 3 plugins.
Preloading 0 native plugins for Editor in 0.00 ms.
Unloading 3961 Unused Serialized files (Serialized files now loaded: 0)
Unloading 26 unused Assets / (141.9 KB). Loaded Objects now: 4522.
Memory consumption went from 231.9 MB to 231.8 MB.
Total: 6.940600 ms (FindLiveObjects: 0.545700 ms CreateObjectMapping: 1.592600 ms MarkObjects: 4.636200 ms  DeleteObjects: 0.164600 ms)

AssetImportParameters requested are different than current active one (requested -> active):
  custom:video-decoder-ogg-theora: a1e56fd34408186e4bbccfd4996cb3dc -> 
  custom:container-muxer-webm: aa71ff27fc2769a1b78a27578f13a17b -> 
  custom:container-demuxer-webm: 4f35f7cbe854078d1ac9338744f61a02 -> 
  custom:video-encoder-webm-vp8: eb34c28f22e8b96e1ab97ce403110664 -> 
  custom:video-codec-MediaFoundation-h265: 746d11721c4dcdbdad8f713fa42b33f4 -> 
  custom:audio-encoder-webm-vorbis: bf7c407c2cedff20999df2af8eb42d56 -> 
  custom:framework-win-MediaFoundation: 216162199b28c13a410421893ffa2e32 -> 
  custom:container-demuxer-ogg: 62fdf1f143b41e24485cea50d1cbac27 -> 
  custom:video-decoder-webm-vp8: 9c59270c3fd7afecdb556c50c9e8de78 -> 
  custom:audio-decoder-ogg-vorbis: bf7c407c2cedff20999df2af8eb42d56 -> 
========================================================================
Received Import Request.
  Time since last request: 297.678109 seconds.
  path: Assets/Resources/New Animator Controller.controller
  artifactKey: Guid(6ab40c95873fcec4eb6c311b3e4c747e) Importer(815301076,1909f56bfc062723c751e8b465ee728b)
Start importing Assets/Resources/New Animator Controller.controller using Guid(6ab40c95873fcec4eb6c311b3e4c747e) Importer(815301076,1909f56bfc062723c751e8b465ee728b)  -> (artifact id: 'd4c6e0230bf0c022e939a8727be41e27') in 0.029058 seconds 
========================================================================
Received Import Request.
  Time since last request: 45.201392 seconds.
  path: Assets/Resources/animation/Remy@Idle.fbx.opdownload
  artifactKey: Guid(f461ff999fb2a6444bdf0bcc7d2449ec) Importer(815301076,1909f56bfc062723c751e8b465ee728b)
Start importing Assets/Resources/animation/Remy@Idle.fbx.opdownload using Guid(f461ff999fb2a6444bdf0bcc7d2449ec) Importer(815301076,1909f56bfc062723c751e8b465ee728b)  -> (artifact id: '00000000000000000000000000000000') in 0.000977 seconds  code(4) message(Build asset version error: assets/resources/animation/remy@idle.fbx.opdownload in SourceAssetDB has modification time of '2023-03-08T21:54:56.6303784Z' while content on disk has modification time of '2023-03-08T21:54:58.0565484Z')
  ERROR: Build asset version error: assets/resources/animation/remy@idle.fbx.opdownload in SourceAssetDB has modification time of '2023-03-08T21:54:56.6303784Z' while content on disk has modification time of '2023-03-08T21:54:58.0565484Z'
========================================================================
Received Import Request.
  Time since last request: 79.461747 seconds.
  path: Assets/Resources/animation/Remy@Idle.fbx
  artifactKey: Guid(e7d69cb52860840458a7e9098f5b0629) Importer(815301076,1909f56bfc062723c751e8b465ee728b)
Start importing Assets/Resources/animation/Remy@Idle.fbx using Guid(e7d69cb52860840458a7e9098f5b0629) Importer(815301076,1909f56bfc062723c751e8b465ee728b)  -> (artifact id: '82b3d1fe767dc713c3ca9cd518c40d8b') in 0.274180 seconds 
========================================================================
Received Import Request.
  Time since last request: 15.959587 seconds.
  path: Assets/Resources/animation/Remy@Walking.fbx
  artifactKey: Guid(9658a0a3f7501c14f92cd19db74d2b54) Importer(815301076,1909f56bfc062723c751e8b465ee728b)
Start importing Assets/Resources/animation/Remy@Walking.fbx using Guid(9658a0a3f7501c14f92cd19db74d2b54) Importer(815301076,1909f56bfc062723c751e8b465ee728b)  -> (artifact id: 'f4f1f77e3d6b037c42ca5d4c11accbba') in 0.186507 seconds 
========================================================================
Received Import Request.
  Time since last request: 3.098932 seconds.
  path: Assets/Resources/animation/Remy@Walking Backwards.fbx
  artifactKey: Guid(3c6bc51a3d4d43744aa369f8c4354da0) Importer(815301076,1909f56bfc062723c751e8b465ee728b)
Start importing Assets/Resources/animation/Remy@Walking Backwards.fbx using Guid(3c6bc51a3d4d43744aa369f8c4354da0) Importer(815301076,1909f56bfc062723c751e8b465ee728b)  -> (artifact id: '460225f1403995c55821125453037947') in 0.388015 seconds 
========================================================================
Received Import Request.
  Time since last request: 3.270833 seconds.
  path: Assets/Resources/animation/Remy@Idle.fbx
  artifactKey: Guid(e7d69cb52860840458a7e9098f5b0629) Importer(815301076,1909f56bfc062723c751e8b465ee728b)
Start importing Assets/Resources/animation/Remy@Idle.fbx using Guid(e7d69cb52860840458a7e9098f5b0629) Importer(815301076,1909f56bfc062723c751e8b465ee728b)  -> (artifact id: '308ce76c1bcb150c7a369a5c7b03daba') in 0.165516 seconds 
========================================================================
Received Import Request.
  Time since last request: 2.360286 seconds.
  path: Assets/Resources/animation/Remy@Crouched Walking.fbx
  artifactKey: Guid(8e36681f995ebe845873f59260aed5c4) Importer(815301076,1909f56bfc062723c751e8b465ee728b)
Start importing Assets/Resources/animation/Remy@Crouched Walking.fbx using Guid(8e36681f995ebe845873f59260aed5c4) Importer(815301076,1909f56bfc062723c751e8b465ee728b)  -> (artifact id: '38e11b2919127a64bdcb065730b6e1ca') in 0.144115 seconds 
========================================================================
Received Prepare
Registering precompiled user dll's ...
Registered in 0.009747 seconds.
Begin MonoManager ReloadAssembly
Symbol file LoadedFromMemory doesn't match image D:\PROJETS2\unity-RacismoNo\B\RacismoNoS2\RacismoNo\Library\PackageCache\com.unity.visualscripting@1.8.0\Editor\VisualScripting.Core\Dependencies\YamlDotNet\Unity.VisualScripting.YamlDotNet.dll
Symbol file LoadedFromMemory doesn't match image D:\PROJETS2\unity-RacismoNo\B\RacismoNoS2\RacismoNo\Library\PackageCache\com.unity.visualscripting@1.8.0\Editor\VisualScripting.Core\Dependencies\DotNetZip\Unity.VisualScripting.IonicZip.dll
Native extension for WindowsStandalone target not found
Native extension for WebGL target not found
Refreshing native plugins compatible for Editor in 2.54 ms, found 3 plugins.
Preloading 0 native plugins for Editor in 0.00 ms.
Mono: successfully reloaded assembly
- Completed reload, in  2.078 seconds
Domain Reload Profiling:
	ReloadAssembly (2080ms)
		BeginReloadAssembly (208ms)
			ExecutionOrderSort (0ms)
			DisableScriptedObjects (6ms)
			BackupInstance (0ms)
			ReleaseScriptingObjects (0ms)
			CreateAndSetChildDomain (51ms)
		EndReloadAssembly (1715ms)
			LoadAssemblies (152ms)
			RebuildTransferFunctionScriptingTraits (0ms)
			SetupTypeCache (515ms)
			ReleaseScriptCaches (3ms)
			RebuildScriptCaches (104ms)
			SetupLoadedEditorAssemblies (817ms)
				LogAssemblyErrors (0ms)
				InitializePlatformSupportModulesInManaged (35ms)
				SetLoadedEditorAssemblies (1ms)
				RefreshPlugins (3ms)
				BeforeProcessingInitializeOnLoad (157ms)
				ProcessInitializeOnLoadAttributes (532ms)
				ProcessInitializeOnLoadMethodAttributes (60ms)
				AfterProcessingInitializeOnLoad (29ms)
				EditorAssembliesLoaded (0ms)
			ExecutionOrderSort2 (0ms)
			AwakeInstancesAfterBackupRestoration (20ms)
Platform modules already initialized, skipping
Refreshing native plugins compatible for Editor in 6.02 ms, found 3 plugins.
Preloading 0 native plugins for Editor in 0.00 ms.
Unloading 3961 Unused Serialized files (Serialized files now loaded: 0)
Unloading 26 unused Assets / (142.1 KB). Loaded Objects now: 4526.
Memory consumption went from 232.1 MB to 232.0 MB.
Total: 9.425300 ms (FindLiveObjects: 1.018500 ms CreateObjectMapping: 1.251800 ms MarkObjects: 6.797500 ms  DeleteObjects: 0.354400 ms)

AssetImportParameters requested are different than current active one (requested -> active):
  custom:video-decoder-ogg-theora: a1e56fd34408186e4bbccfd4996cb3dc -> 
  custom:container-muxer-webm: aa71ff27fc2769a1b78a27578f13a17b -> 
  custom:container-demuxer-webm: 4f35f7cbe854078d1ac9338744f61a02 -> 
  custom:video-encoder-webm-vp8: eb34c28f22e8b96e1ab97ce403110664 -> 
  custom:video-codec-MediaFoundation-h265: 746d11721c4dcdbdad8f713fa42b33f4 -> 
  custom:audio-encoder-webm-vorbis: bf7c407c2cedff20999df2af8eb42d56 -> 
  custom:framework-win-MediaFoundation: 216162199b28c13a410421893ffa2e32 -> 
  custom:container-demuxer-ogg: 62fdf1f143b41e24485cea50d1cbac27 -> 
  custom:video-decoder-webm-vp8: 9c59270c3fd7afecdb556c50c9e8de78 -> 
  custom:audio-decoder-ogg-vorbis: bf7c407c2cedff20999df2af8eb42d56 -> 
========================================================================
Received Prepare
Registering precompiled user dll's ...
Registered in 0.010460 seconds.
Begin MonoManager ReloadAssembly
Symbol file LoadedFromMemory doesn't match image D:\PROJETS2\unity-RacismoNo\B\RacismoNoS2\RacismoNo\Library\PackageCache\com.unity.visualscripting@1.8.0\Editor\VisualScripting.Core\Dependencies\YamlDotNet\Unity.VisualScripting.YamlDotNet.dll
Symbol file LoadedFromMemory doesn't match image D:\PROJETS2\unity-RacismoNo\B\RacismoNoS2\RacismoNo\Library\PackageCache\com.unity.visualscripting@1.8.0\Editor\VisualScripting.Core\Dependencies\DotNetZip\Unity.VisualScripting.IonicZip.dll
Native extension for WindowsStandalone target not found
Native extension for WebGL target not found
Refreshing native plugins compatible for Editor in 2.60 ms, found 3 plugins.
Preloading 0 native plugins for Editor in 0.00 ms.
Mono: successfully reloaded assembly
- Completed reload, in  2.369 seconds
Domain Reload Profiling:
	ReloadAssembly (2373ms)
		BeginReloadAssembly (201ms)
			ExecutionOrderSort (0ms)
			DisableScriptedObjects (7ms)
			BackupInstance (0ms)
			ReleaseScriptingObjects (0ms)
			CreateAndSetChildDomain (50ms)
		EndReloadAssembly (2017ms)
			LoadAssemblies (147ms)
			RebuildTransferFunctionScriptingTraits (0ms)
			SetupTypeCache (561ms)
			ReleaseScriptCaches (3ms)
			RebuildScriptCaches (119ms)
			SetupLoadedEditorAssemblies (994ms)
				LogAssemblyErrors (0ms)
				InitializePlatformSupportModulesInManaged (33ms)
				SetLoadedEditorAssemblies (2ms)
				RefreshPlugins (3ms)
				BeforeProcessingInitializeOnLoad (158ms)
				ProcessInitializeOnLoadAttributes (708ms)
				ProcessInitializeOnLoadMethodAttributes (62ms)
				AfterProcessingInitializeOnLoad (28ms)
				EditorAssembliesLoaded (0ms)
			ExecutionOrderSort2 (0ms)
			AwakeInstancesAfterBackupRestoration (22ms)
Platform modules already initialized, skipping
Refreshing native plugins compatible for Editor in 5.31 ms, found 3 plugins.
Preloading 0 native plugins for Editor in 0.00 ms.
Unloading 3961 Unused Serialized files (Serialized files now loaded: 0)
Unloading 26 unused Assets / (142.1 KB). Loaded Objects now: 4530.
Memory consumption went from 232.1 MB to 232.0 MB.
Total: 8.014100 ms (FindLiveObjects: 0.728100 ms CreateObjectMapping: 0.486700 ms MarkObjects: 6.356200 ms  DeleteObjects: 0.441400 ms)

AssetImportParameters requested are different than current active one (requested -> active):
  custom:video-decoder-ogg-theora: a1e56fd34408186e4bbccfd4996cb3dc -> 
  custom:container-muxer-webm: aa71ff27fc2769a1b78a27578f13a17b -> 
  custom:container-demuxer-webm: 4f35f7cbe854078d1ac9338744f61a02 -> 
  custom:video-encoder-webm-vp8: eb34c28f22e8b96e1ab97ce403110664 -> 
  custom:video-codec-MediaFoundation-h265: 746d11721c4dcdbdad8f713fa42b33f4 -> 
  custom:audio-encoder-webm-vorbis: bf7c407c2cedff20999df2af8eb42d56 -> 
  custom:framework-win-MediaFoundation: 216162199b28c13a410421893ffa2e32 -> 
  custom:container-demuxer-ogg: 62fdf1f143b41e24485cea50d1cbac27 -> 
  custom:video-decoder-webm-vp8: 9c59270c3fd7afecdb556c50c9e8de78 -> 
  custom:audio-decoder-ogg-vorbis: bf7c407c2cedff20999df2af8eb42d56 -> 
